1512663916979	geckodriver	INFO	geckodriver 0.19.1
1512663916987	geckodriver	INFO	Listening on 127.0.0.1:35013
1512663918352	mozrunner::runner	INFO	Running command: "/usr/bin/firefox" "-marionette" "-profile" "/tmp/rust_mozprofile.1B0ZGMm56s5I"
1512663935730	Marionette	INFO	Listening on port 33727
1512663936522	Marionette	WARN	TLS certificate errors will be ignored for this session
JavaScript error: resource://gre/components/nsUrlClassifierListManager.js, line 287: NS_ERROR_NOT_INITIALIZED: Component returned failure code: 0xc1f30001 (NS_ERROR_NOT_INITIALIZED) [nsIUrlClassifierDBService.getTables]
JavaScript error: resource://gre/components/nsUrlClassifierListManager.js, line 287: NS_ERROR_NOT_INITIALIZED: Component returned failure code: 0xc1f30001 (NS_ERROR_NOT_INITIALIZED) [nsIUrlClassifierDBService.getTables]
1512663970664	Marionette	INFO	Ceased listening
1512665548240	geckodriver	INFO	geckodriver 0.19.1
1512665548244	geckodriver	INFO	Listening on 127.0.0.1:57655
1512665549388	mozrunner::runner	INFO	Running command: "/usr/bin/firefox" "-marionette" "-profile" "/tmp/rust_mozprofile.NF0vnleLN13P"

(firefox:7985): GdkPixbuf-WARNING **: Cannot open pixbuf loader module file '/usr/lib/x86_64-linux-gnu/gdk-pixbuf-2.0/2.10.0/loaders.cache': No such file or directory

This likely means that your installation is broken.
Try running the command
  gdk-pixbuf-query-loaders > /usr/lib/x86_64-linux-gnu/gdk-pixbuf-2.0/2.10.0/loaders.cache
to make things work again for the time being.
1512665550142	Marionette	INFO	Enabled via --marionette

(firefox:7985): Gtk-WARNING **: Error loading image 'file:///usr/share/themes/Ambiance/gtk-3.0/assets/entry.png': Unrecognized image file format

(firefox:7985): Gtk-WARNING **: Error loading image 'file:///usr/share/themes/Ambiance/gtk-3.0/assets/entry-disabled.png': Unrecognized image file format

(firefox:7985): Gtk-WARNING **: Error loading image 'file:///usr/share/themes/Ambiance/gtk-3.0/assets/button.png': Unrecognized image file format

(firefox:7985): Gtk-WARNING **: Error loading image 'file:///usr/share/themes/Ambiance/gtk-3.0/assets/button-hover.png': Unrecognized image file format

(/usr/lib/firefox/firefox:8036): GdkPixbuf-WARNING **: Cannot open pixbuf loader module file '/usr/lib/x86_64-linux-gnu/gdk-pixbuf-2.0/2.10.0/loaders.cache': No such file or directory

This likely means that your installation is broken.
Try running the command
  gdk-pixbuf-query-loaders > /usr/lib/x86_64-linux-gnu/gdk-pixbuf-2.0/2.10.0/loaders.cache
to make things work again for the time being.

(/usr/lib/firefox/firefox:8036): Gtk-WARNING **: Error loading image 'file:///usr/share/themes/Ambiance/gtk-3.0/assets/entry.png': Unrecognized image file format

(/usr/lib/firefox/firefox:8036): Gtk-WARNING **: Error loading image 'file:///usr/share/themes/Ambiance/gtk-3.0/assets/entry-disabled.png': Unrecognized image file format

(/usr/lib/firefox/firefox:8036): Gtk-WARNING **: Error loading image 'file:///usr/share/themes/Ambiance/gtk-3.0/assets/button.png': Unrecognized image file format

(/usr/lib/firefox/firefox:8036): Gtk-WARNING **: Error loading image 'file:///usr/share/themes/Ambiance/gtk-3.0/assets/button-hover.png': Unrecognized image file format
1512665553823	Marionette	INFO	Listening on port 45485
1512665553904	Marionette	WARN	TLS certificate errors will be ignored for this session
1512665553993	Marionette	DEBUG	Register listener.js for window 2147483649
1512665554012	Marionette	DEBUG	Received DOM event "beforeunload" for "about:blank"
1512665554032	Marionette	DEBUG	Received DOM event "pagehide" for "about:blank"
1512665554032	Marionette	DEBUG	Received DOM event "unload" for "about:blank"
1512665554043	Marionette	DEBUG	Received DOM event "DOMContentLoaded" for "http://localhost:8000/"
1512665554156	Marionette	DEBUG	Received DOM event "pageshow" for "http://localhost:8000/"
